<?xml version="1.0" encoding="UTF-8"?>
<!-- Generated by org.testng.reporters.JUnitReportReporter -->
<testsuite skipped="0" hostname="admin1-LIVA-Z2V" name="com.bridgelabz.restapitest.tests.PostApiTest" tests="1" failures="0" timestamp="09 Jan 2020 11:09:39 GMT" time="3.354" errors="0">
  <testcase name="postTest" time="3.354" classname="com.bridgelabz.restapitest.tests.PostApiTest"/>
</testsuite> <!-- com.bridgelabz.restapitest.tests.PostApiTest -->
