<?xml version="1.0" encoding="UTF-8"?>
<!-- Generated by org.testng.reporters.JUnitReportReporter -->
<testsuite skipped="0" hostname="admin1-LIVA-Z2V" name="com.bridgelabz.restapitest.tests.GetApiTest" tests="2" failures="0" timestamp="09 Jan 2020 07:36:11 GMT" time="2.856" errors="0">
  <testcase name="getTest" time="0.749" classname="com.bridgelabz.restapitest.tests.GetApiTest"/>
  <testcase name="getApiTestWithHeader" time="2.107" classname="com.bridgelabz.restapitest.tests.GetApiTest"/>
</testsuite> <!-- com.bridgelabz.restapitest.tests.GetApiTest -->
